This file contains any messages produced by compilers while
running configure, to aid debugging if configure makes a mistake.

It was created by palletAndTruckViewer configure 3.0, which was
generated by GNU Autoconf 2.69.  Invocation command line was

  $ ./palletandtruckviewer-3.0/configure --libdir=/home/kafo/Documents/Git Repos/MyopicPalletizing/vmac_solver/sisyphus-master

## --------- ##
## Platform. ##
## --------- ##

hostname = fuji
uname -m = x86_64
uname -r = 5.8.0-55-generic
uname -s = Linux
uname -v = #62~20.04.1-Ubuntu SMP Wed Jun 2 08:55:04 UTC 2021

/usr/bin/uname -p = x86_64
/bin/uname -X     = unknown

/bin/arch              = x86_64
/usr/bin/arch -k       = unknown
/usr/convex/getsysinfo = unknown
/usr/bin/hostinfo      = unknown
/bin/machine           = unknown
/usr/bin/oslevel       = unknown
/bin/universe          = unknown

PATH: /home/kafo/.local/bin
PATH: /home/kafo/kafo/balena-cli
PATH: /usr/local/texlive/2021/bin/x86_64-linux
PATH: /usr/local/sbin
PATH: /usr/local/bin
PATH: /usr/sbin
PATH: /usr/bin
PATH: /sbin
PATH: /bin
PATH: /usr/games
PATH: /usr/local/games
PATH: /snap/bin
PATH: /opt/mssql-tools18/bin


## ----------- ##
## Core tests. ##
## ----------- ##

configure:2425: checking for a BSD-compatible install
configure:2493: result: /usr/bin/install -c
configure:2504: checking whether build environment is sane
configure:2559: result: yes
configure:2708: checking for a thread-safe mkdir -p
configure:2747: result: /usr/bin/mkdir -p
configure:2754: checking for gawk
configure:2784: result: no
configure:2754: checking for mawk
configure:2770: found /usr/bin/mawk
configure:2781: result: mawk
configure:2792: checking whether make sets $(MAKE)
configure:2814: result: yes
configure:2843: checking whether make supports nested variables
configure:2860: result: yes
configure:2877: error: source directory already configured; run "make distclean" there first

## ---------------- ##
## Cache variables. ##
## ---------------- ##

ac_cv_env_CCC_set=
ac_cv_env_CCC_value=
ac_cv_env_CC_set=
ac_cv_env_CC_value=
ac_cv_env_CFLAGS_set=
ac_cv_env_CFLAGS_value=
ac_cv_env_CPPFLAGS_set=
ac_cv_env_CPPFLAGS_value=
ac_cv_env_CPP_set=
ac_cv_env_CPP_value=
ac_cv_env_CXXCPP_set=
ac_cv_env_CXXCPP_value=
ac_cv_env_CXXFLAGS_set=
ac_cv_env_CXXFLAGS_value=
ac_cv_env_CXX_set=
ac_cv_env_CXX_value=
ac_cv_env_LDFLAGS_set=
ac_cv_env_LDFLAGS_value=
ac_cv_env_LIBS_set=
ac_cv_env_LIBS_value=
ac_cv_env_LT_SYS_LIBRARY_PATH_set=
ac_cv_env_LT_SYS_LIBRARY_PATH_value=
ac_cv_env_XMKMF_set=
ac_cv_env_XMKMF_value=
ac_cv_env_build_alias_set=
ac_cv_env_build_alias_value=
ac_cv_env_host_alias_set=
ac_cv_env_host_alias_value=
ac_cv_env_target_alias_set=
ac_cv_env_target_alias_value=
ac_cv_path_install='/usr/bin/install -c'
ac_cv_path_mkdir=/usr/bin/mkdir
ac_cv_prog_AWK=mawk
ac_cv_prog_make_make_set=yes
am_cv_make_support_nested_variables=yes

## ----------------- ##
## Output variables. ##
## ----------------- ##

ACLOCAL=''
AMDEPBACKSLASH=''
AMDEP_FALSE=''
AMDEP_TRUE=''
AMTAR=''
AM_BACKSLASH='\'
AM_DEFAULT_V='$(AM_DEFAULT_VERBOSITY)'
AM_DEFAULT_VERBOSITY='1'
AM_V='$(V)'
AR=''
AUTOCONF=''
AUTOHEADER=''
AUTOMAKE=''
AWK='mawk'
CC=''
CCDEPMODE=''
CFLAGS=''
CPP=''
CPPFLAGS=''
CXX=''
CXXCPP=''
CXXDEPMODE=''
CXXFLAGS=''
CYGPATH_W=''
DEFS=''
DEPDIR=''
DLLTOOL=''
DSYMUTIL=''
DUMPBIN=''
ECHO_C=''
ECHO_N='-n'
ECHO_T=''
EGREP=''
EXEEXT=''
FGREP=''
GLUT_CFLAGS=''
GLUT_LIBS=''
GLU_CFLAGS=''
GLU_LIBS=''
GL_CFLAGS=''
GL_LIBS=''
GREP=''
HAVE_GLUT_FALSE=''
HAVE_GLUT_TRUE=''
HAVE_GLU_FALSE=''
HAVE_GLU_TRUE=''
HAVE_GL_FALSE=''
HAVE_GL_TRUE=''
INSTALL_DATA='${INSTALL} -m 644'
INSTALL_PROGRAM='${INSTALL}'
INSTALL_SCRIPT='${INSTALL}'
INSTALL_STRIP_PROGRAM='$(install_sh) -c -s'
LD=''
LDFLAGS=''
LIBOBJS=''
LIBS=''
LIBTOOL=''
LIPO=''
LN_S=''
LTLIBOBJS=''
LT_SYS_LIBRARY_PATH=''
MAKEINFO=''
MANIFEST_TOOL=''
MKDIR_P='/usr/bin/mkdir -p'
NM=''
NMEDIT=''
OBJDUMP=''
OBJEXT=''
OTOOL64=''
OTOOL=''
PACKAGE=''
PACKAGE_BUGREPORT=''
PACKAGE_NAME='palletAndTruckViewer'
PACKAGE_STRING='palletAndTruckViewer 3.0'
PACKAGE_TARNAME='palletandtruckviewer'
PACKAGE_URL=''
PACKAGE_VERSION='3.0'
PATH_SEPARATOR=':'
PTHREAD_CC=''
PTHREAD_CFLAGS=''
PTHREAD_LIBS=''
RANLIB=''
SED=''
SET_MAKE=''
SHELL='/bin/bash'
STRIP=''
VERSION=''
XMKMF=''
X_CFLAGS=''
X_EXTRA_LIBS=''
X_LIBS=''
X_PRE_LIBS=''
ac_ct_AR=''
ac_ct_CC=''
ac_ct_CXX=''
ac_ct_DUMPBIN=''
am__EXEEXT_FALSE=''
am__EXEEXT_TRUE=''
am__fastdepCC_FALSE=''
am__fastdepCC_TRUE=''
am__fastdepCXX_FALSE=''
am__fastdepCXX_TRUE=''
am__include=''
am__isrc=' -I$(srcdir)'
am__leading_dot='.'
am__nodep=''
am__quote=''
am__tar=''
am__untar=''
ax_pthread_config=''
bindir='${exec_prefix}/bin'
build=''
build_alias=''
build_cpu=''
build_os=''
build_vendor=''
datadir='${datarootdir}'
datarootdir='${prefix}/share'
docdir='${datarootdir}/doc/${PACKAGE_TARNAME}'
dvidir='${docdir}'
exec_prefix='NONE'
host=''
host_alias=''
host_cpu=''
host_os=''
host_vendor=''
htmldir='${docdir}'
includedir='${prefix}/include'
infodir='${datarootdir}/info'
install_sh='${SHELL} '\''/home/kafo/Documents/Git Repos/MyopicPalletizing/vmac_solver/sisyphus-master/palletandtruckviewer-3.0/install-sh'\'''
libdir='/home/kafo/Documents/Git Repos/MyopicPalletizing/vmac_solver/sisyphus-master'
libexecdir='${exec_prefix}/libexec'
localedir='${datarootdir}/locale'
localstatedir='${prefix}/var'
mandir='${datarootdir}/man'
mkdir_p=''
oldincludedir='/usr/include'
pdfdir='${docdir}'
prefix='NONE'
program_transform_name='s,x,x,'
psdir='${docdir}'
runstatedir='${localstatedir}/run'
sbindir='${exec_prefix}/sbin'
sharedstatedir='${prefix}/com'
sysconfdir='${prefix}/etc'
target_alias=''

## ----------- ##
## confdefs.h. ##
## ----------- ##

/* confdefs.h */
#define PACKAGE_NAME "palletAndTruckViewer"
#define PACKAGE_TARNAME "palletandtruckviewer"
#define PACKAGE_VERSION "3.0"
#define PACKAGE_STRING "palletAndTruckViewer 3.0"
#define PACKAGE_BUGREPORT ""
#define PACKAGE_URL ""

configure: exit 1
