This file contains any messages produced by compilers while
running configure, to aid debugging if configure makes a mistake.

It was created by palletAndTruckViewer configure 3.0, which was
generated by GNU Autoconf 2.69.  Invocation command line was

  $ ./configure 

## --------- ##
## Platform. ##
## --------- ##

hostname = fuji
uname -m = x86_64
uname -r = 5.8.0-55-generic
uname -s = Linux
uname -v = #62~20.04.1-Ubuntu SMP Wed Jun 2 08:55:04 UTC 2021

/usr/bin/uname -p = x86_64
/bin/uname -X     = unknown

/bin/arch              = x86_64
/usr/bin/arch -k       = unknown
/usr/convex/getsysinfo = unknown
/usr/bin/hostinfo      = unknown
/bin/machine           = unknown
/usr/bin/oslevel       = unknown
/bin/universe          = unknown

PATH: /home/kafo/.local/bin
PATH: /home/kafo/kafo/balena-cli
PATH: /usr/local/texlive/2021/bin/x86_64-linux
PATH: /usr/local/sbin
PATH: /usr/local/bin
PATH: /usr/sbin
PATH: /usr/bin
PATH: /sbin
PATH: /bin
PATH: /usr/games
PATH: /usr/local/games
PATH: /snap/bin
PATH: /opt/mssql-tools18/bin


## ----------- ##
## Core tests. ##
## ----------- ##

configure:2425: checking for a BSD-compatible install
configure:2493: result: /usr/bin/install -c
configure:2504: checking whether build environment is sane
configure:2559: result: yes
configure:2708: checking for a thread-safe mkdir -p
configure:2747: result: /usr/bin/mkdir -p
configure:2754: checking for gawk
configure:2784: result: no
configure:2754: checking for mawk
configure:2770: found /usr/bin/mawk
configure:2781: result: mawk
configure:2792: checking whether make sets $(MAKE)
configure:2814: result: yes
configure:2843: checking whether make supports nested variables
configure:2860: result: yes
configure:3048: checking for g++
configure:3064: found /usr/bin/g++
configure:3075: result: g++
configure:3102: checking for C++ compiler version
configure:3111: g++ --version >&5
g++ (Ubuntu 9.4.0-1ubuntu1~20.04.1) 9.4.0
Copyright (C) 2019 Free Software Foundation, Inc.
This is free software; see the source for copying conditions.  There is NO
warranty; not even for MERCHANTABILITY or FITNESS FOR A PARTICULAR PURPOSE.

configure:3122: $? = 0
configure:3111: g++ -v >&5
Using built-in specs.
COLLECT_GCC=g++
COLLECT_LTO_WRAPPER=/usr/lib/gcc/x86_64-linux-gnu/9/lto-wrapper
OFFLOAD_TARGET_NAMES=nvptx-none:hsa
OFFLOAD_TARGET_DEFAULT=1
Target: x86_64-linux-gnu
Configured with: ../src/configure -v --with-pkgversion='Ubuntu 9.4.0-1ubuntu1~20.04.1' --with-bugurl=file:///usr/share/doc/gcc-9/README.Bugs --enable-languages=c,ada,c++,go,brig,d,fortran,objc,obj-c++,gm2 --prefix=/usr --with-gcc-major-version-only --program-suffix=-9 --program-prefix=x86_64-linux-gnu- --enable-shared --enable-linker-build-id --libexecdir=/usr/lib --without-included-gettext --enable-threads=posix --libdir=/usr/lib --enable-nls --enable-clocale=gnu --enable-libstdcxx-debug --enable-libstdcxx-time=yes --with-default-libstdcxx-abi=new --enable-gnu-unique-object --disable-vtable-verify --enable-plugin --enable-default-pie --with-system-zlib --with-target-system-zlib=auto --enable-objc-gc=auto --enable-multiarch --disable-werror --with-arch-32=i686 --with-abi=m64 --with-multilib-list=m32,m64,mx32 --enable-multilib --with-tune=generic --enable-offload-targets=nvptx-none=/build/gcc-9-Av3uEd/gcc-9-9.4.0/debian/tmp-nvptx/usr,hsa --without-cuda-driver --enable-checking=release --build=x86_64-linux-gnu --host=x86_64-linux-gnu --target=x86_64-linux-gnu
Thread model: posix
gcc version 9.4.0 (Ubuntu 9.4.0-1ubuntu1~20.04.1) 
configure:3122: $? = 0
configure:3111: g++ -V >&5
g++: error: unrecognized command line option '-V'
g++: fatal error: no input files
compilation terminated.
configure:3122: $? = 1
configure:3111: g++ -qversion >&5
g++: error: unrecognized command line option '-qversion'; did you mean '--version'?
g++: fatal error: no input files
compilation terminated.
configure:3122: $? = 1
configure:3142: checking whether the C++ compiler works
configure:3164: g++    conftest.cpp  >&5
configure:3168: $? = 0
configure:3216: result: yes
configure:3219: checking for C++ compiler default output file name
configure:3221: result: a.out
configure:3227: checking for suffix of executables
configure:3234: g++ -o conftest    conftest.cpp  >&5
configure:3238: $? = 0
configure:3260: result: 
configure:3282: checking whether we are cross compiling
configure:3290: g++ -o conftest    conftest.cpp  >&5
configure:3294: $? = 0
configure:3301: ./conftest
configure:3305: $? = 0
configure:3293: result: no
configure:3298: checking for suffix of object files
configure:3320: g++ -c   conftest.cpp >&5
configure:3324: $? = 0
configure:3345: result: o
configure:3349: checking whether we are using the GNU C++ compiler
configure:3368: g++ -c   conftest.cpp >&5
configure:3368: $? = 0
configure:3377: result: yes
configure:3386: checking whether g++ accepts -g
configure:3406: g++ -c -g  conftest.cpp >&5
configure:3406: $? = 0
configure:3447: result: yes
configure:3473: checking whether make supports the include directive
configure:3488: make -f confmf.GNU && cat confinc.out
this is the am__doit target
configure:3491: $? = 0
configure:3510: result: yes (GNU style)
configure:3535: checking dependency style of g++
configure:3646: result: gcc3
configure:3664: WARNING: Libtool does not cope well with whitespace in `pwd`
configure:3691: checking build system type
configure:3705: result: x86_64-pc-linux-gnu
configure:3725: checking host system type
configure:3738: result: x86_64-pc-linux-gnu
configure:3779: checking how to print strings
configure:3806: result: printf
configure:3875: checking for gcc
configure:3891: found /usr/bin/gcc
configure:3902: result: gcc
configure:4131: checking for C compiler version
configure:4140: gcc --version >&5
gcc (Ubuntu 9.4.0-1ubuntu1~20.04.1) 9.4.0
Copyright (C) 2019 Free Software Foundation, Inc.
This is free software; see the source for copying conditions.  There is NO
warranty; not even for MERCHANTABILITY or FITNESS FOR A PARTICULAR PURPOSE.

configure:4151: $? = 0
configure:4140: gcc -v >&5
Using built-in specs.
COLLECT_GCC=gcc
COLLECT_LTO_WRAPPER=/usr/lib/gcc/x86_64-linux-gnu/9/lto-wrapper
OFFLOAD_TARGET_NAMES=nvptx-none:hsa
OFFLOAD_TARGET_DEFAULT=1
Target: x86_64-linux-gnu
Configured with: ../src/configure -v --with-pkgversion='Ubuntu 9.4.0-1ubuntu1~20.04.1' --with-bugurl=file:///usr/share/doc/gcc-9/README.Bugs --enable-languages=c,ada,c++,go,brig,d,fortran,objc,obj-c++,gm2 --prefix=/usr --with-gcc-major-version-only --program-suffix=-9 --program-prefix=x86_64-linux-gnu- --enable-shared --enable-linker-build-id --libexecdir=/usr/lib --without-included-gettext --enable-threads=posix --libdir=/usr/lib --enable-nls --enable-clocale=gnu --enable-libstdcxx-debug --enable-libstdcxx-time=yes --with-default-libstdcxx-abi=new --enable-gnu-unique-object --disable-vtable-verify --enable-plugin --enable-default-pie --with-system-zlib --with-target-system-zlib=auto --enable-objc-gc=auto --enable-multiarch --disable-werror --with-arch-32=i686 --with-abi=m64 --with-multilib-list=m32,m64,mx32 --enable-multilib --with-tune=generic --enable-offload-targets=nvptx-none=/build/gcc-9-Av3uEd/gcc-9-9.4.0/debian/tmp-nvptx/usr,hsa --without-cuda-driver --enable-checking=release --build=x86_64-linux-gnu --host=x86_64-linux-gnu --target=x86_64-linux-gnu
Thread model: posix
gcc version 9.4.0 (Ubuntu 9.4.0-1ubuntu1~20.04.1) 
configure:4151: $? = 0
configure:4140: gcc -V >&5
gcc: error: unrecognized command line option '-V'
gcc: fatal error: no input files
compilation terminated.
configure:4151: $? = 1
configure:4140: gcc -qversion >&5
gcc: error: unrecognized command line option '-qversion'; did you mean '--version'?
gcc: fatal error: no input files
compilation terminated.
configure:4151: $? = 1
configure:4155: checking whether we are using the GNU C compiler
configure:4174: gcc -c   conftest.c >&5
configure:4174: $? = 0
configure:4183: result: yes
configure:4192: checking whether gcc accepts -g
configure:4212: gcc -c -g  conftest.c >&5
configure:4212: $? = 0
configure:4253: result: yes
configure:4270: checking for gcc option to accept ISO C89
configure:4333: gcc  -c -g -O2  conftest.c >&5
configure:4333: $? = 0
configure:4346: result: none needed
configure:4371: checking whether gcc understands -c and -o together
configure:4393: gcc -c conftest.c -o conftest2.o
configure:4396: $? = 0
configure:4393: gcc -c conftest.c -o conftest2.o
configure:4396: $? = 0
configure:4408: result: yes
configure:4427: checking dependency style of gcc
configure:4538: result: gcc3
configure:4553: checking for a sed that does not truncate output
configure:4617: result: /usr/bin/sed
configure:4635: checking for grep that handles long lines and -e
configure:4693: result: /usr/bin/grep
configure:4698: checking for egrep
configure:4760: result: /usr/bin/grep -E
configure:4765: checking for fgrep
configure:4827: result: /usr/bin/grep -F
configure:4862: checking for ld used by gcc
configure:4929: result: /usr/bin/ld
configure:4936: checking if the linker (/usr/bin/ld) is GNU ld
configure:4951: result: yes
configure:4963: checking for BSD- or MS-compatible name lister (nm)
configure:5017: result: /usr/bin/nm -B
configure:5147: checking the name lister (/usr/bin/nm -B) interface
configure:5154: gcc -c -g -O2  conftest.c >&5
configure:5157: /usr/bin/nm -B "conftest.o"
configure:5160: output
0000000000000000 B some_variable
configure:5161: result: BSD nm
configure:5164: checking whether ln -s works
configure:5168: result: yes
configure:5176: checking the maximum length of command line arguments
configure:5307: result: 1572864
configure:5355: checking how to convert x86_64-pc-linux-gnu file names to x86_64-pc-linux-gnu format
configure:5395: result: func_convert_file_noop
configure:5402: checking how to convert x86_64-pc-linux-gnu file names to toolchain format
configure:5422: result: func_convert_file_noop
configure:5429: checking for /usr/bin/ld option to reload object files
configure:5436: result: -r
configure:5510: checking for objdump
configure:5526: found /usr/bin/objdump
configure:5537: result: objdump
configure:5569: checking how to recognize dependent libraries
configure:5769: result: pass_all
configure:5854: checking for dlltool
configure:5884: result: no
configure:5914: checking how to associate runtime and link libraries
configure:5941: result: printf %s\n
configure:6002: checking for ar
configure:6018: found /usr/bin/ar
configure:6029: result: ar
configure:6066: checking for archiver @FILE support
configure:6083: gcc -c -g -O2  conftest.c >&5
configure:6083: $? = 0
configure:6086: ar cr libconftest.a @conftest.lst >&5
configure:6089: $? = 0
configure:6094: ar cr libconftest.a @conftest.lst >&5
ar: conftest.o: No such file or directory
configure:6097: $? = 1
configure:6096: result: @
configure:6154: checking for strip
configure:6170: found /usr/bin/strip
configure:6181: result: strip
configure:6253: checking for ranlib
configure:6269: found /usr/bin/ranlib
configure:6280: result: ranlib
configure:6382: checking command to parse /usr/bin/nm -B output from gcc object
configure:6535: gcc -c -g -O2  conftest.c >&5
configure:6538: $? = 0
configure:6542: /usr/bin/nm -B conftest.o | sed -n -e 's/^.*[	 ]\([ABCDGIRSTW][ABCDGIRSTW]*\)[	 ][	 ]*\([_A-Za-z][_A-Za-z0-9]*\)$/\1 \2 \2/p' | sed '/ __gnu_lto/d' > conftest.nm
configure:6608: gcc -o conftest -g -O2   conftest.c conftstm.o >&5
configure:6611: $? = 0
configure:6649: result: ok
configure:6696: checking for sysroot
configure:6726: result: no
configure:6733: checking for a working dd
configure:6771: result: /usr/bin/dd
configure:6775: checking how to truncate binary pipes
configure:6790: result: /usr/bin/dd bs=4096 count=1
configure:6926: gcc -c -g -O2  conftest.c >&5
configure:6929: $? = 0
configure:7119: checking for mt
configure:7135: found /usr/bin/mt
configure:7146: result: mt
configure:7169: checking if mt is a manifest tool
configure:7175: mt '-?'
configure:7183: result: no
configure:7860: checking how to run the C preprocessor
configure:7891: gcc -E  conftest.c
configure:7891: $? = 0
configure:7905: gcc -E  conftest.c
conftest.c:11:10: fatal error: ac_nonexistent.h: No such file or directory
   11 | #include <ac_nonexistent.h>
      |          ^~~~~~~~~~~~~~~~~~
compilation terminated.
configure:7905: $? = 1
configure: failed program was:
| /* confdefs.h */
| #define PACKAGE_NAME "palletAndTruckViewer"
| #define PACKAGE_TARNAME "palletandtruckviewer"
| #define PACKAGE_VERSION "3.0"
| #define PACKAGE_STRING "palletAndTruckViewer 3.0"
| #define PACKAGE_BUGREPORT ""
| #define PACKAGE_URL ""
| #define PACKAGE "palletandtruckviewer"
| #define VERSION "3.0"
| /* end confdefs.h.  */
| #include <ac_nonexistent.h>
configure:7930: result: gcc -E
configure:7950: gcc -E  conftest.c
configure:7950: $? = 0
configure:7964: gcc -E  conftest.c
conftest.c:11:10: fatal error: ac_nonexistent.h: No such file or directory
   11 | #include <ac_nonexistent.h>
      |          ^~~~~~~~~~~~~~~~~~
compilation terminated.
configure:7964: $? = 1
configure: failed program was:
| /* confdefs.h */
| #define PACKAGE_NAME "palletAndTruckViewer"
| #define PACKAGE_TARNAME "palletandtruckviewer"
| #define PACKAGE_VERSION "3.0"
| #define PACKAGE_STRING "palletAndTruckViewer 3.0"
| #define PACKAGE_BUGREPORT ""
| #define PACKAGE_URL ""
| #define PACKAGE "palletandtruckviewer"
| #define VERSION "3.0"
| /* end confdefs.h.  */
| #include <ac_nonexistent.h>
configure:7993: checking for ANSI C header files
configure:8013: gcc -c -g -O2  conftest.c >&5
configure:8013: $? = 0
configure:8086: gcc -o conftest -g -O2   conftest.c  >&5
configure:8086: $? = 0
configure:8086: ./conftest
configure:8086: $? = 0
configure:8097: result: yes
configure:8110: checking for sys/types.h
configure:8110: gcc -c -g -O2  conftest.c >&5
configure:8110: $? = 0
configure:8110: result: yes
configure:8110: checking for sys/stat.h
configure:8110: gcc -c -g -O2  conftest.c >&5
configure:8110: $? = 0
configure:8110: result: yes
configure:8110: checking for stdlib.h
configure:8110: gcc -c -g -O2  conftest.c >&5
configure:8110: $? = 0
configure:8110: result: yes
configure:8110: checking for string.h
configure:8110: gcc -c -g -O2  conftest.c >&5
configure:8110: $? = 0
configure:8110: result: yes
configure:8110: checking for memory.h
configure:8110: gcc -c -g -O2  conftest.c >&5
configure:8110: $? = 0
configure:8110: result: yes
configure:8110: checking for strings.h
configure:8110: gcc -c -g -O2  conftest.c >&5
configure:8110: $? = 0
configure:8110: result: yes
configure:8110: checking for inttypes.h
configure:8110: gcc -c -g -O2  conftest.c >&5
configure:8110: $? = 0
configure:8110: result: yes
configure:8110: checking for stdint.h
configure:8110: gcc -c -g -O2  conftest.c >&5
configure:8110: $? = 0
configure:8110: result: yes
configure:8110: checking for unistd.h
configure:8110: gcc -c -g -O2  conftest.c >&5
configure:8110: $? = 0
configure:8110: result: yes
configure:8124: checking for dlfcn.h
configure:8124: gcc -c -g -O2  conftest.c >&5
configure:8124: $? = 0
configure:8124: result: yes
configure:8391: checking for objdir
configure:8406: result: .libs
configure:8666: checking if gcc supports -fno-rtti -fno-exceptions
configure:8684: gcc -c -g -O2  -fno-rtti -fno-exceptions conftest.c >&5
cc1: warning: command line option '-fno-rtti' is valid for C++/D/ObjC++ but not for C
configure:8688: $? = 0
configure:8701: result: no
configure:9065: checking for gcc option to produce PIC
configure:9072: result: -fPIC -DPIC
configure:9080: checking if gcc PIC flag -fPIC -DPIC works
configure:9098: gcc -c -g -O2  -fPIC -DPIC -DPIC conftest.c >&5
configure:9102: $? = 0
configure:9115: result: yes
configure:9144: checking if gcc static flag -static works
configure:9172: result: yes
configure:9187: checking if gcc supports -c -o file.o
configure:9208: gcc -c -g -O2  -o out/conftest2.o conftest.c >&5
configure:9212: $? = 0
configure:9234: result: yes
configure:9242: checking if gcc supports -c -o file.o
configure:9289: result: yes
configure:9322: checking whether the gcc linker (/usr/bin/ld -m elf_x86_64) supports shared libraries
configure:10585: result: yes
configure:10622: checking whether -lc should be explicitly linked in
configure:10630: gcc -c -g -O2  conftest.c >&5
configure:10633: $? = 0
configure:10648: gcc -shared  -fPIC -DPIC conftest.o  -v -Wl,-soname -Wl,conftest -o conftest 2\>\&1 \| /usr/bin/grep  -lc  \>/dev/null 2\>\&1
configure:10651: $? = 0
configure:10665: result: no
configure:10825: checking dynamic linker characteristics
configure:11406: gcc -o conftest -g -O2   -Wl,-rpath -Wl,/foo conftest.c  >&5
configure:11406: $? = 0
configure:11655: result: GNU/Linux ld.so
configure:11777: checking how to hardcode library paths into programs
configure:11802: result: immediate
configure:12350: checking whether stripping libraries is possible
configure:12355: result: yes
configure:12390: checking if libtool supports shared libraries
configure:12392: result: yes
configure:12395: checking whether to build shared libraries
configure:12420: result: yes
configure:12423: checking whether to build static libraries
configure:12427: result: yes
configure:9226: checking how to run the C++ preprocessor
configure:9253: g++ -E  conftest.cpp
configure:9253: $? = 0
configure:9267: g++ -E  conftest.cpp
conftest.cpp:23:10: fatal error: ac_nonexistent.h: No such file or directory
   23 | #include <ac_nonexistent.h>
      |          ^~~~~~~~~~~~~~~~~~
compilation terminated.
configure:9267: $? = 1
configure: failed program was:
| /* confdefs.h */
| #define PACKAGE_NAME "palletAndTruckViewer"
| #define PACKAGE_TARNAME "palletandtruckviewer"
| #define PACKAGE_VERSION "3.0"
| #define PACKAGE_STRING "palletAndTruckViewer 3.0"
| #define PACKAGE_BUGREPORT ""
| #define PACKAGE_URL ""
| #define PACKAGE "palletandtruckviewer"
| #define VERSION "3.0"
| #define STDC_HEADERS 1
| #define HAVE_SYS_TYPES_H 1
| #define HAVE_SYS_STAT_H 1
| #define HAVE_STDLIB_H 1
| #define HAVE_STRING_H 1
| #define HAVE_MEMORY_H 1
| #define HAVE_STRINGS_H 1
| #define HAVE_INTTYPES_H 1
| #define HAVE_STDINT_H 1
| #define HAVE_UNISTD_H 1
| #define HAVE_DLFCN_H 1
| #define LT_OBJDIR ".libs/"
| /* end confdefs.h.  */
| #include <ac_nonexistent.h>
configure:9292: result: g++ -E
configure:9312: g++ -E  conftest.cpp
configure:9312: $? = 0
configure:9326: g++ -E  conftest.cpp
conftest.cpp:23:10: fatal error: ac_nonexistent.h: No such file or directory
   23 | #include <ac_nonexistent.h>
      |          ^~~~~~~~~~~~~~~~~~
compilation terminated.
configure:9326: $? = 1
configure: failed program was:
| /* confdefs.h */
| #define PACKAGE_NAME "palletAndTruckViewer"
| #define PACKAGE_TARNAME "palletandtruckviewer"
| #define PACKAGE_VERSION "3.0"
| #define PACKAGE_STRING "palletAndTruckViewer 3.0"
| #define PACKAGE_BUGREPORT ""
| #define PACKAGE_URL ""
| #define PACKAGE "palletandtruckviewer"
| #define VERSION "3.0"
| #define STDC_HEADERS 1
| #define HAVE_SYS_TYPES_H 1
| #define HAVE_SYS_STAT_H 1
| #define HAVE_STDLIB_H 1
| #define HAVE_STRING_H 1
| #define HAVE_MEMORY_H 1
| #define HAVE_STRINGS_H 1
| #define HAVE_INTTYPES_H 1
| #define HAVE_STDINT_H 1
| #define HAVE_UNISTD_H 1
| #define HAVE_DLFCN_H 1
| #define LT_OBJDIR ".libs/"
| /* end confdefs.h.  */
| #include <ac_nonexistent.h>
configure:9488: checking for ld used by g++
configure:9555: result: /usr/bin/ld -m elf_x86_64
configure:9562: checking if the linker (/usr/bin/ld -m elf_x86_64) is GNU ld
configure:9577: result: yes
configure:9632: checking whether the g++ linker (/usr/bin/ld -m elf_x86_64) supports shared libraries
configure:10705: result: yes
configure:10741: g++ -c -g -O2  conftest.cpp >&5
configure:10744: $? = 0
configure:11225: checking for g++ option to produce PIC
configure:11232: result: -fPIC -DPIC
configure:11240: checking if g++ PIC flag -fPIC -DPIC works
configure:11258: g++ -c -g -O2  -fPIC -DPIC -DPIC conftest.cpp >&5
configure:11262: $? = 0
configure:11275: result: yes
configure:11298: checking if g++ static flag -static works
configure:11326: result: yes
configure:11338: checking if g++ supports -c -o file.o
configure:11359: g++ -c -g -O2  -o out/conftest2.o conftest.cpp >&5
configure:11363: $? = 0
configure:11385: result: yes
configure:11390: checking if g++ supports -c -o file.o
configure:11437: result: yes
configure:11467: checking whether the g++ linker (/usr/bin/ld -m elf_x86_64) supports shared libraries
configure:11510: result: yes
configure:11651: checking dynamic linker characteristics
configure:12408: result: GNU/Linux ld.so
configure:12473: checking how to hardcode library paths into programs
configure:12498: result: immediate
configure:11392: checking for ANSI C header files
configure:11496: result: yes
configure:11506: checking for X
configure:11614: gcc -E  conftest.c
configure:11614: $? = 0
configure:11645: gcc -o conftest -g -O2   conftest.c -lX11  >&5
configure:11645: $? = 0
configure:11695: result: libraries , headers 
configure:11794: gcc -o conftest -g -O2   conftest.c   -lX11 >&5
configure:11794: $? = 0
configure:11892: checking for gethostbyname
configure:11892: gcc -o conftest -g -O2   conftest.c  >&5
configure:11892: $? = 0
configure:11892: result: yes
configure:11989: checking for connect
configure:11989: gcc -o conftest -g -O2   conftest.c  >&5
configure:11989: $? = 0
configure:11989: result: yes
configure:12038: checking for remove
configure:12038: gcc -o conftest -g -O2   conftest.c  >&5
configure:12038: $? = 0
configure:12038: result: yes
configure:12087: checking for shmat
configure:12087: gcc -o conftest -g -O2   conftest.c  >&5
configure:12087: $? = 0
configure:12087: result: yes
configure:12145: checking for IceConnectionNumber in -lICE
configure:12170: gcc -o conftest -g -O2   conftest.c -lICE   >&5
configure:12170: $? = 0
configure:12179: result: yes
configure:12356: checking for the pthreads library -lpthreads
configure:12394: gcc -o conftest -g -O2    conftest.c -lpthreads  >&5
/usr/bin/ld: cannot find -lpthreads
collect2: error: ld returned 1 exit status
configure:12394: $? = 1
configure: failed program was:
| /* confdefs.h */
| #define PACKAGE_NAME "palletAndTruckViewer"
| #define PACKAGE_TARNAME "palletandtruckviewer"
| #define PACKAGE_VERSION "3.0"
| #define PACKAGE_STRING "palletAndTruckViewer 3.0"
| #define PACKAGE_BUGREPORT ""
| #define PACKAGE_URL ""
| #define PACKAGE "palletandtruckviewer"
| #define VERSION "3.0"
| #define STDC_HEADERS 1
| #define HAVE_SYS_TYPES_H 1
| #define HAVE_SYS_STAT_H 1
| #define HAVE_STDLIB_H 1
| #define HAVE_STRING_H 1
| #define HAVE_MEMORY_H 1
| #define HAVE_STRINGS_H 1
| #define HAVE_INTTYPES_H 1
| #define HAVE_STDINT_H 1
| #define HAVE_UNISTD_H 1
| #define HAVE_DLFCN_H 1
| #define LT_OBJDIR ".libs/"
| #define STDC_HEADERS 1
| /* end confdefs.h.  */
| #include <pthread.h>
| 	             static void routine(void* a) {a=0;}
| 	             static void* start_routine(void* a) {return a;}
| int
| main ()
| {
| pthread_t th; pthread_attr_t attr;
|                      pthread_join(th, 0);
|                      pthread_attr_init(&attr);
|                      pthread_cleanup_push(routine, 0);
|                      pthread_create(&th,0,start_routine,0);
|                      pthread_cleanup_pop(0);
|   ;
|   return 0;
| }
configure:12403: result: no
configure:12301: checking whether pthreads work without any flags
configure:12394: gcc -o conftest -g -O2    conftest.c   >&5
/usr/bin/ld: /tmp/ccTLaJYR.o: in function `main':
/home/kafo/Documents/Git Repos/MyopicPalletizing/vmac_solver/sisyphus-master/palletandtruckviewer-3.0/conftest.c:31: undefined reference to `pthread_join'
/usr/bin/ld: /home/kafo/Documents/Git Repos/MyopicPalletizing/vmac_solver/sisyphus-master/palletandtruckviewer-3.0/conftest.c:33: undefined reference to `__pthread_register_cancel'
/usr/bin/ld: /home/kafo/Documents/Git Repos/MyopicPalletizing/vmac_solver/sisyphus-master/palletandtruckviewer-3.0/conftest.c:34: undefined reference to `pthread_create'
/usr/bin/ld: /home/kafo/Documents/Git Repos/MyopicPalletizing/vmac_solver/sisyphus-master/palletandtruckviewer-3.0/conftest.c:35: undefined reference to `__pthread_unregister_cancel'
collect2: error: ld returned 1 exit status
configure:12394: $? = 1
configure: failed program was:
| /* confdefs.h */
| #define PACKAGE_NAME "palletAndTruckViewer"
| #define PACKAGE_TARNAME "palletandtruckviewer"
| #define PACKAGE_VERSION "3.0"
| #define PACKAGE_STRING "palletAndTruckViewer 3.0"
| #define PACKAGE_BUGREPORT ""
| #define PACKAGE_URL ""
| #define PACKAGE "palletandtruckviewer"
| #define VERSION "3.0"
| #define STDC_HEADERS 1
| #define HAVE_SYS_TYPES_H 1
| #define HAVE_SYS_STAT_H 1
| #define HAVE_STDLIB_H 1
| #define HAVE_STRING_H 1
| #define HAVE_MEMORY_H 1
| #define HAVE_STRINGS_H 1
| #define HAVE_INTTYPES_H 1
| #define HAVE_STDINT_H 1
| #define HAVE_UNISTD_H 1
| #define HAVE_DLFCN_H 1
| #define LT_OBJDIR ".libs/"
| #define STDC_HEADERS 1
| /* end confdefs.h.  */
| #include <pthread.h>
| 	             static void routine(void* a) {a=0;}
| 	             static void* start_routine(void* a) {return a;}
| int
| main ()
| {
| pthread_t th; pthread_attr_t attr;
|                      pthread_join(th, 0);
|                      pthread_attr_init(&attr);
|                      pthread_cleanup_push(routine, 0);
|                      pthread_create(&th,0,start_routine,0);
|                      pthread_cleanup_pop(0);
|   ;
|   return 0;
| }
configure:12403: result: no
configure:12306: checking whether pthreads work with -Kthread
configure:12394: gcc -o conftest -g -O2 -Kthread   conftest.c   >&5
gcc: error: unrecognized command line option '-Kthread'; did you mean '-pthread'?
configure:12394: $? = 1
configure: failed program was:
| /* confdefs.h */
| #define PACKAGE_NAME "palletAndTruckViewer"
| #define PACKAGE_TARNAME "palletandtruckviewer"
| #define PACKAGE_VERSION "3.0"
| #define PACKAGE_STRING "palletAndTruckViewer 3.0"
| #define PACKAGE_BUGREPORT ""
| #define PACKAGE_URL ""
| #define PACKAGE "palletandtruckviewer"
| #define VERSION "3.0"
| #define STDC_HEADERS 1
| #define HAVE_SYS_TYPES_H 1
| #define HAVE_SYS_STAT_H 1
| #define HAVE_STDLIB_H 1
| #define HAVE_STRING_H 1
| #define HAVE_MEMORY_H 1
| #define HAVE_STRINGS_H 1
| #define HAVE_INTTYPES_H 1
| #define HAVE_STDINT_H 1
| #define HAVE_UNISTD_H 1
| #define HAVE_DLFCN_H 1
| #define LT_OBJDIR ".libs/"
| #define STDC_HEADERS 1
| /* end confdefs.h.  */
| #include <pthread.h>
| 	             static void routine(void* a) {a=0;}
| 	             static void* start_routine(void* a) {return a;}
| int
| main ()
| {
| pthread_t th; pthread_attr_t attr;
|                      pthread_join(th, 0);
|                      pthread_attr_init(&attr);
|                      pthread_cleanup_push(routine, 0);
|                      pthread_create(&th,0,start_routine,0);
|                      pthread_cleanup_pop(0);
|   ;
|   return 0;
| }
configure:12403: result: no
configure:12306: checking whether pthreads work with -kthread
configure:12394: gcc -o conftest -g -O2 -kthread   conftest.c   >&5
gcc: error: unrecognized command line option '-kthread'; did you mean '-pthread'?
configure:12394: $? = 1
configure: failed program was:
| /* confdefs.h */
| #define PACKAGE_NAME "palletAndTruckViewer"
| #define PACKAGE_TARNAME "palletandtruckviewer"
| #define PACKAGE_VERSION "3.0"
| #define PACKAGE_STRING "palletAndTruckViewer 3.0"
| #define PACKAGE_BUGREPORT ""
| #define PACKAGE_URL ""
| #define PACKAGE "palletandtruckviewer"
| #define VERSION "3.0"
| #define STDC_HEADERS 1
| #define HAVE_SYS_TYPES_H 1
| #define HAVE_SYS_STAT_H 1
| #define HAVE_STDLIB_H 1
| #define HAVE_STRING_H 1
| #define HAVE_MEMORY_H 1
| #define HAVE_STRINGS_H 1
| #define HAVE_INTTYPES_H 1
| #define HAVE_STDINT_H 1
| #define HAVE_UNISTD_H 1
| #define HAVE_DLFCN_H 1
| #define LT_OBJDIR ".libs/"
| #define STDC_HEADERS 1
| /* end confdefs.h.  */
| #include <pthread.h>
| 	             static void routine(void* a) {a=0;}
| 	             static void* start_routine(void* a) {return a;}
| int
| main ()
| {
| pthread_t th; pthread_attr_t attr;
|                      pthread_join(th, 0);
|                      pthread_attr_init(&attr);
|                      pthread_cleanup_push(routine, 0);
|                      pthread_create(&th,0,start_routine,0);
|                      pthread_cleanup_pop(0);
|   ;
|   return 0;
| }
configure:12403: result: no
configure:12356: checking for the pthreads library -llthread
configure:12394: gcc -o conftest -g -O2    conftest.c -llthread  >&5
/usr/bin/ld: cannot find -llthread
collect2: error: ld returned 1 exit status
configure:12394: $? = 1
configure: failed program was:
| /* confdefs.h */
| #define PACKAGE_NAME "palletAndTruckViewer"
| #define PACKAGE_TARNAME "palletandtruckviewer"
| #define PACKAGE_VERSION "3.0"
| #define PACKAGE_STRING "palletAndTruckViewer 3.0"
| #define PACKAGE_BUGREPORT ""
| #define PACKAGE_URL ""
| #define PACKAGE "palletandtruckviewer"
| #define VERSION "3.0"
| #define STDC_HEADERS 1
| #define HAVE_SYS_TYPES_H 1
| #define HAVE_SYS_STAT_H 1
| #define HAVE_STDLIB_H 1
| #define HAVE_STRING_H 1
| #define HAVE_MEMORY_H 1
| #define HAVE_STRINGS_H 1
| #define HAVE_INTTYPES_H 1
| #define HAVE_STDINT_H 1
| #define HAVE_UNISTD_H 1
| #define HAVE_DLFCN_H 1
| #define LT_OBJDIR ".libs/"
| #define STDC_HEADERS 1
| /* end confdefs.h.  */
| #include <pthread.h>
| 	             static void routine(void* a) {a=0;}
| 	             static void* start_routine(void* a) {return a;}
| int
| main ()
| {
| pthread_t th; pthread_attr_t attr;
|                      pthread_join(th, 0);
|                      pthread_attr_init(&attr);
|                      pthread_cleanup_push(routine, 0);
|                      pthread_create(&th,0,start_routine,0);
|                      pthread_cleanup_pop(0);
|   ;
|   return 0;
| }
configure:12403: result: no
configure:12306: checking whether pthreads work with -pthread
configure:12394: gcc -o conftest -g -O2 -pthread   conftest.c   >&5
configure:12394: $? = 0
configure:12403: result: yes
configure:12422: checking for joinable pthread attribute
configure:12437: gcc -o conftest -g -O2 -pthread   conftest.c   >&5
configure:12437: $? = 0
configure:12443: result: PTHREAD_CREATE_JOINABLE
configure:12453: checking if more special flags are required for pthreads
configure:12460: result: no
configure:12569: checking GL/gl.h usability
configure:12569: gcc -c -g -O2   conftest.c >&5
configure:12569: $? = 0
configure:12569: result: yes
configure:12569: checking GL/gl.h presence
configure:12569: gcc -E   conftest.c
configure:12569: $? = 0
configure:12569: result: yes
configure:12569: checking for GL/gl.h
configure:12569: result: yes
configure:12569: checking OpenGL/gl.h usability
configure:12569: gcc -c -g -O2   conftest.c >&5
conftest.c:59:10: fatal error: OpenGL/gl.h: No such file or directory
   59 | #include <OpenGL/gl.h>
      |          ^~~~~~~~~~~~~
compilation terminated.
configure:12569: $? = 1
configure: failed program was:
| /* confdefs.h */
| #define PACKAGE_NAME "palletAndTruckViewer"
| #define PACKAGE_TARNAME "palletandtruckviewer"
| #define PACKAGE_VERSION "3.0"
| #define PACKAGE_STRING "palletAndTruckViewer 3.0"
| #define PACKAGE_BUGREPORT ""
| #define PACKAGE_URL ""
| #define PACKAGE "palletandtruckviewer"
| #define VERSION "3.0"
| #define STDC_HEADERS 1
| #define HAVE_SYS_TYPES_H 1
| #define HAVE_SYS_STAT_H 1
| #define HAVE_STDLIB_H 1
| #define HAVE_STRING_H 1
| #define HAVE_MEMORY_H 1
| #define HAVE_STRINGS_H 1
| #define HAVE_INTTYPES_H 1
| #define HAVE_STDINT_H 1
| #define HAVE_UNISTD_H 1
| #define HAVE_DLFCN_H 1
| #define LT_OBJDIR ".libs/"
| #define STDC_HEADERS 1
| #define HAVE_PTHREAD 1
| #define HAVE_GL_GL_H 1
| /* end confdefs.h.  */
| #include <stdio.h>
| #ifdef HAVE_SYS_TYPES_H
| # include <sys/types.h>
| #endif
| #ifdef HAVE_SYS_STAT_H
| # include <sys/stat.h>
| #endif
| #ifdef STDC_HEADERS
| # include <stdlib.h>
| # include <stddef.h>
| #else
| # ifdef HAVE_STDLIB_H
| #  include <stdlib.h>
| # endif
| #endif
| #ifdef HAVE_STRING_H
| # if !defined STDC_HEADERS && defined HAVE_MEMORY_H
| #  include <memory.h>
| # endif
| # include <string.h>
| #endif
| #ifdef HAVE_STRINGS_H
| # include <strings.h>
| #endif
| #ifdef HAVE_INTTYPES_H
| # include <inttypes.h>
| #endif
| #ifdef HAVE_STDINT_H
| # include <stdint.h>
| #endif
| #ifdef HAVE_UNISTD_H
| # include <unistd.h>
| #endif
| #include <OpenGL/gl.h>
configure:12569: result: no
configure:12569: checking OpenGL/gl.h presence
configure:12569: gcc -E   conftest.c
conftest.c:26:10: fatal error: OpenGL/gl.h: No such file or directory
   26 | #include <OpenGL/gl.h>
      |          ^~~~~~~~~~~~~
compilation terminated.
configure:12569: $? = 1
configure: failed program was:
| /* confdefs.h */
| #define PACKAGE_NAME "palletAndTruckViewer"
| #define PACKAGE_TARNAME "palletandtruckviewer"
| #define PACKAGE_VERSION "3.0"
| #define PACKAGE_STRING "palletAndTruckViewer 3.0"
| #define PACKAGE_BUGREPORT ""
| #define PACKAGE_URL ""
| #define PACKAGE "palletandtruckviewer"
| #define VERSION "3.0"
| #define STDC_HEADERS 1
| #define HAVE_SYS_TYPES_H 1
| #define HAVE_SYS_STAT_H 1
| #define HAVE_STDLIB_H 1
| #define HAVE_STRING_H 1
| #define HAVE_MEMORY_H 1
| #define HAVE_STRINGS_H 1
| #define HAVE_INTTYPES_H 1
| #define HAVE_STDINT_H 1
| #define HAVE_UNISTD_H 1
| #define HAVE_DLFCN_H 1
| #define LT_OBJDIR ".libs/"
| #define STDC_HEADERS 1
| #define HAVE_PTHREAD 1
| #define HAVE_GL_GL_H 1
| /* end confdefs.h.  */
| #include <OpenGL/gl.h>
configure:12569: result: no
configure:12569: checking for OpenGL/gl.h
configure:12569: result: no
configure:12583: checking windows.h usability
configure:12583: gcc -c -g -O2  conftest.c >&5
conftest.c:59:10: fatal error: windows.h: No such file or directory
   59 | #include <windows.h>
      |          ^~~~~~~~~~~
compilation terminated.
configure:12583: $? = 1
configure: failed program was:
| /* confdefs.h */
| #define PACKAGE_NAME "palletAndTruckViewer"
| #define PACKAGE_TARNAME "palletandtruckviewer"
| #define PACKAGE_VERSION "3.0"
| #define PACKAGE_STRING "palletAndTruckViewer 3.0"
| #define PACKAGE_BUGREPORT ""
| #define PACKAGE_URL ""
| #define PACKAGE "palletandtruckviewer"
| #define VERSION "3.0"
| #define STDC_HEADERS 1
| #define HAVE_SYS_TYPES_H 1
| #define HAVE_SYS_STAT_H 1
| #define HAVE_STDLIB_H 1
| #define HAVE_STRING_H 1
| #define HAVE_MEMORY_H 1
| #define HAVE_STRINGS_H 1
| #define HAVE_INTTYPES_H 1
| #define HAVE_STDINT_H 1
| #define HAVE_UNISTD_H 1
| #define HAVE_DLFCN_H 1
| #define LT_OBJDIR ".libs/"
| #define STDC_HEADERS 1
| #define HAVE_PTHREAD 1
| #define HAVE_GL_GL_H 1
| /* end confdefs.h.  */
| #include <stdio.h>
| #ifdef HAVE_SYS_TYPES_H
| # include <sys/types.h>
| #endif
| #ifdef HAVE_SYS_STAT_H
| # include <sys/stat.h>
| #endif
| #ifdef STDC_HEADERS
| # include <stdlib.h>
| # include <stddef.h>
| #else
| # ifdef HAVE_STDLIB_H
| #  include <stdlib.h>
| # endif
| #endif
| #ifdef HAVE_STRING_H
| # if !defined STDC_HEADERS && defined HAVE_MEMORY_H
| #  include <memory.h>
| # endif
| # include <string.h>
| #endif
| #ifdef HAVE_STRINGS_H
| # include <strings.h>
| #endif
| #ifdef HAVE_INTTYPES_H
| # include <inttypes.h>
| #endif
| #ifdef HAVE_STDINT_H
| # include <stdint.h>
| #endif
| #ifdef HAVE_UNISTD_H
| # include <unistd.h>
| #endif
| #include <windows.h>
configure:12583: result: no
configure:12583: checking windows.h presence
configure:12583: gcc -E  conftest.c
conftest.c:26:10: fatal error: windows.h: No such file or directory
   26 | #include <windows.h>
      |          ^~~~~~~~~~~
compilation terminated.
configure:12583: $? = 1
configure: failed program was:
| /* confdefs.h */
| #define PACKAGE_NAME "palletAndTruckViewer"
| #define PACKAGE_TARNAME "palletandtruckviewer"
| #define PACKAGE_VERSION "3.0"
| #define PACKAGE_STRING "palletAndTruckViewer 3.0"
| #define PACKAGE_BUGREPORT ""
| #define PACKAGE_URL ""
| #define PACKAGE "palletandtruckviewer"
| #define VERSION "3.0"
| #define STDC_HEADERS 1
| #define HAVE_SYS_TYPES_H 1
| #define HAVE_SYS_STAT_H 1
| #define HAVE_STDLIB_H 1
| #define HAVE_STRING_H 1
| #define HAVE_MEMORY_H 1
| #define HAVE_STRINGS_H 1
| #define HAVE_INTTYPES_H 1
| #define HAVE_STDINT_H 1
| #define HAVE_UNISTD_H 1
| #define HAVE_DLFCN_H 1
| #define LT_OBJDIR ".libs/"
| #define STDC_HEADERS 1
| #define HAVE_PTHREAD 1
| #define HAVE_GL_GL_H 1
| /* end confdefs.h.  */
| #include <windows.h>
configure:12583: result: no
configure:12583: checking for windows.h
configure:12583: result: no
configure:12596: checking for OpenGL library
configure:12639: gcc -o conftest -g -O2    conftest.c -lopengl32   >&5
/usr/bin/ld: cannot find -lopengl32
collect2: error: ld returned 1 exit status
configure:12639: $? = 1
configure: failed program was:
| /* confdefs.h */
| #define PACKAGE_NAME "palletAndTruckViewer"
| #define PACKAGE_TARNAME "palletandtruckviewer"
| #define PACKAGE_VERSION "3.0"
| #define PACKAGE_STRING "palletAndTruckViewer 3.0"
| #define PACKAGE_BUGREPORT ""
| #define PACKAGE_URL ""
| #define PACKAGE "palletandtruckviewer"
| #define VERSION "3.0"
| #define STDC_HEADERS 1
| #define HAVE_SYS_TYPES_H 1
| #define HAVE_SYS_STAT_H 1
| #define HAVE_STDLIB_H 1
| #define HAVE_STRING_H 1
| #define HAVE_MEMORY_H 1
| #define HAVE_STRINGS_H 1
| #define HAVE_INTTYPES_H 1
| #define HAVE_STDINT_H 1
| #define HAVE_UNISTD_H 1
| #define HAVE_DLFCN_H 1
| #define LT_OBJDIR ".libs/"
| #define STDC_HEADERS 1
| #define HAVE_PTHREAD 1
| #define HAVE_GL_GL_H 1
| /* end confdefs.h.  */
| 
| # if defined(HAVE_WINDOWS_H) && defined(_WIN32)
| #   include <windows.h>
| # endif
| # ifdef HAVE_GL_GL_H
| #   include <GL/gl.h>
| # elif defined(HAVE_OPENGL_GL_H)
| #   include <OpenGL/gl.h>
| # else
| #   error no gl.h
| # endif
| int
| main ()
| {
| glBegin(0)
|   ;
|   return 0;
| }
configure:12664: gcc -o conftest -g -O2    conftest.c -lopengl32 -L/usr/lib64/nvidia   >&5
/usr/bin/ld: cannot find -lopengl32
collect2: error: ld returned 1 exit status
configure:12664: $? = 1
configure: failed program was:
| /* confdefs.h */
| #define PACKAGE_NAME "palletAndTruckViewer"
| #define PACKAGE_TARNAME "palletandtruckviewer"
| #define PACKAGE_VERSION "3.0"
| #define PACKAGE_STRING "palletAndTruckViewer 3.0"
| #define PACKAGE_BUGREPORT ""
| #define PACKAGE_URL ""
| #define PACKAGE "palletandtruckviewer"
| #define VERSION "3.0"
| #define STDC_HEADERS 1
| #define HAVE_SYS_TYPES_H 1
| #define HAVE_SYS_STAT_H 1
| #define HAVE_STDLIB_H 1
| #define HAVE_STRING_H 1
| #define HAVE_MEMORY_H 1
| #define HAVE_STRINGS_H 1
| #define HAVE_INTTYPES_H 1
| #define HAVE_STDINT_H 1
| #define HAVE_UNISTD_H 1
| #define HAVE_DLFCN_H 1
| #define LT_OBJDIR ".libs/"
| #define STDC_HEADERS 1
| #define HAVE_PTHREAD 1
| #define HAVE_GL_GL_H 1
| /* end confdefs.h.  */
| 
| # if defined(HAVE_WINDOWS_H) && defined(_WIN32)
| #   include <windows.h>
| # endif
| # ifdef HAVE_GL_GL_H
| #   include <GL/gl.h>
| # elif defined(HAVE_OPENGL_GL_H)
| #   include <OpenGL/gl.h>
| # else
| #   error no gl.h
| # endif
| int
| main ()
| {
| glBegin(0)
|   ;
|   return 0;
| }
configure:12689: gcc -o conftest -g -O2    conftest.c -lopengl32 -dylib_file /System/Library/Frameworks/OpenGL.framework/Versions/A/Libraries/libGL.dylib:/System/Library/Frameworks/OpenGL.framework/Versions/A/Libraries/libGL.dylib   >&5
gcc: error: /System/Library/Frameworks/OpenGL.framework/Versions/A/Libraries/libGL.dylib:/System/Library/Frameworks/OpenGL.framework/Versions/A/Libraries/libGL.dylib: No such file or directory
configure:12689: $? = 1
configure: failed program was:
| /* confdefs.h */
| #define PACKAGE_NAME "palletAndTruckViewer"
| #define PACKAGE_TARNAME "palletandtruckviewer"
| #define PACKAGE_VERSION "3.0"
| #define PACKAGE_STRING "palletAndTruckViewer 3.0"
| #define PACKAGE_BUGREPORT ""
| #define PACKAGE_URL ""
| #define PACKAGE "palletandtruckviewer"
| #define VERSION "3.0"
| #define STDC_HEADERS 1
| #define HAVE_SYS_TYPES_H 1
| #define HAVE_SYS_STAT_H 1
| #define HAVE_STDLIB_H 1
| #define HAVE_STRING_H 1
| #define HAVE_MEMORY_H 1
| #define HAVE_STRINGS_H 1
| #define HAVE_INTTYPES_H 1
| #define HAVE_STDINT_H 1
| #define HAVE_UNISTD_H 1
| #define HAVE_DLFCN_H 1
| #define LT_OBJDIR ".libs/"
| #define STDC_HEADERS 1
| #define HAVE_PTHREAD 1
| #define HAVE_GL_GL_H 1
| /* end confdefs.h.  */
| 
| # if defined(HAVE_WINDOWS_H) && defined(_WIN32)
| #   include <windows.h>
| # endif
| # ifdef HAVE_GL_GL_H
| #   include <GL/gl.h>
| # elif defined(HAVE_OPENGL_GL_H)
| #   include <OpenGL/gl.h>
| # else
| #   error no gl.h
| # endif
| int
| main ()
| {
| glBegin(0)
|   ;
|   return 0;
| }
configure:12639: gcc -o conftest -g -O2    conftest.c -lGL   >&5
configure:12639: $? = 0
configure:12735: result: -lGL
configure:12768: checking GL/glu.h usability
configure:12768: gcc -c -g -O2   conftest.c >&5
configure:12768: $? = 0
configure:12768: result: yes
configure:12768: checking GL/glu.h presence
configure:12768: gcc -E   conftest.c
configure:12768: $? = 0
configure:12768: result: yes
configure:12768: checking for GL/glu.h
configure:12768: result: yes
configure:12768: checking OpenGL/glu.h usability
configure:12768: gcc -c -g -O2   conftest.c >&5
conftest.c:60:10: fatal error: OpenGL/glu.h: No such file or directory
   60 | #include <OpenGL/glu.h>
      |          ^~~~~~~~~~~~~~
compilation terminated.
configure:12768: $? = 1
configure: failed program was:
| /* confdefs.h */
| #define PACKAGE_NAME "palletAndTruckViewer"
| #define PACKAGE_TARNAME "palletandtruckviewer"
| #define PACKAGE_VERSION "3.0"
| #define PACKAGE_STRING "palletAndTruckViewer 3.0"
| #define PACKAGE_BUGREPORT ""
| #define PACKAGE_URL ""
| #define PACKAGE "palletandtruckviewer"
| #define VERSION "3.0"
| #define STDC_HEADERS 1
| #define HAVE_SYS_TYPES_H 1
| #define HAVE_SYS_STAT_H 1
| #define HAVE_STDLIB_H 1
| #define HAVE_STRING_H 1
| #define HAVE_MEMORY_H 1
| #define HAVE_STRINGS_H 1
| #define HAVE_INTTYPES_H 1
| #define HAVE_STDINT_H 1
| #define HAVE_UNISTD_H 1
| #define HAVE_DLFCN_H 1
| #define LT_OBJDIR ".libs/"
| #define STDC_HEADERS 1
| #define HAVE_PTHREAD 1
| #define HAVE_GL_GL_H 1
| #define HAVE_GL_GLU_H 1
| /* end confdefs.h.  */
| #include <stdio.h>
| #ifdef HAVE_SYS_TYPES_H
| # include <sys/types.h>
| #endif
| #ifdef HAVE_SYS_STAT_H
| # include <sys/stat.h>
| #endif
| #ifdef STDC_HEADERS
| # include <stdlib.h>
| # include <stddef.h>
| #else
| # ifdef HAVE_STDLIB_H
| #  include <stdlib.h>
| # endif
| #endif
| #ifdef HAVE_STRING_H
| # if !defined STDC_HEADERS && defined HAVE_MEMORY_H
| #  include <memory.h>
| # endif
| # include <string.h>
| #endif
| #ifdef HAVE_STRINGS_H
| # include <strings.h>
| #endif
| #ifdef HAVE_INTTYPES_H
| # include <inttypes.h>
| #endif
| #ifdef HAVE_STDINT_H
| # include <stdint.h>
| #endif
| #ifdef HAVE_UNISTD_H
| # include <unistd.h>
| #endif
| #include <OpenGL/glu.h>
configure:12768: result: no
configure:12768: checking OpenGL/glu.h presence
configure:12768: gcc -E   conftest.c
conftest.c:27:10: fatal error: OpenGL/glu.h: No such file or directory
   27 | #include <OpenGL/glu.h>
      |          ^~~~~~~~~~~~~~
compilation terminated.
configure:12768: $? = 1
configure: failed program was:
| /* confdefs.h */
| #define PACKAGE_NAME "palletAndTruckViewer"
| #define PACKAGE_TARNAME "palletandtruckviewer"
| #define PACKAGE_VERSION "3.0"
| #define PACKAGE_STRING "palletAndTruckViewer 3.0"
| #define PACKAGE_BUGREPORT ""
| #define PACKAGE_URL ""
| #define PACKAGE "palletandtruckviewer"
| #define VERSION "3.0"
| #define STDC_HEADERS 1
| #define HAVE_SYS_TYPES_H 1
| #define HAVE_SYS_STAT_H 1
| #define HAVE_STDLIB_H 1
| #define HAVE_STRING_H 1
| #define HAVE_MEMORY_H 1
| #define HAVE_STRINGS_H 1
| #define HAVE_INTTYPES_H 1
| #define HAVE_STDINT_H 1
| #define HAVE_UNISTD_H 1
| #define HAVE_DLFCN_H 1
| #define LT_OBJDIR ".libs/"
| #define STDC_HEADERS 1
| #define HAVE_PTHREAD 1
| #define HAVE_GL_GL_H 1
| #define HAVE_GL_GLU_H 1
| /* end confdefs.h.  */
| #include <OpenGL/glu.h>
configure:12768: result: no
configure:12768: checking for OpenGL/glu.h
configure:12768: result: no
configure:12782: checking for OpenGL Utility library
configure:12838: g++ -o conftest -g -O2    conftest.cpp -lGL   >&5
/usr/bin/ld: /tmp/ccWab0Kx.o: in function `main':
/home/kafo/Documents/Git Repos/MyopicPalletizing/vmac_solver/sisyphus-master/palletandtruckviewer-3.0/conftest.cpp:41: undefined reference to `gluBeginCurve'
collect2: error: ld returned 1 exit status
configure:12838: $? = 1
configure: failed program was:
| /* confdefs.h */
| #define PACKAGE_NAME "palletAndTruckViewer"
| #define PACKAGE_TARNAME "palletandtruckviewer"
| #define PACKAGE_VERSION "3.0"
| #define PACKAGE_STRING "palletAndTruckViewer 3.0"
| #define PACKAGE_BUGREPORT ""
| #define PACKAGE_URL ""
| #define PACKAGE "palletandtruckviewer"
| #define VERSION "3.0"
| #define STDC_HEADERS 1
| #define HAVE_SYS_TYPES_H 1
| #define HAVE_SYS_STAT_H 1
| #define HAVE_STDLIB_H 1
| #define HAVE_STRING_H 1
| #define HAVE_MEMORY_H 1
| #define HAVE_STRINGS_H 1
| #define HAVE_INTTYPES_H 1
| #define HAVE_STDINT_H 1
| #define HAVE_UNISTD_H 1
| #define HAVE_DLFCN_H 1
| #define LT_OBJDIR ".libs/"
| #define STDC_HEADERS 1
| #define HAVE_PTHREAD 1
| #define HAVE_GL_GL_H 1
| #define HAVE_GL_GLU_H 1
| /* end confdefs.h.  */
| 
| # if defined(HAVE_WINDOWS_H) && defined(_WIN32)
| #   include <windows.h>
| # endif
| # ifdef HAVE_GL_GLU_H
| #   include <GL/glu.h>
| # elif defined(HAVE_OPENGL_GLU_H)
| #   include <OpenGL/glu.h>
| # else
| #   error no glu.h
| # endif
| int
| main ()
| {
| gluBeginCurve(0)
|   ;
|   return 0;
| }
configure:12871: g++ -o conftest -g -O2    conftest.cpp -lglu32 -lGL   >&5
/usr/bin/ld: cannot find -lglu32
collect2: error: ld returned 1 exit status
configure:12871: $? = 1
configure: failed program was:
| /* confdefs.h */
| #define PACKAGE_NAME "palletAndTruckViewer"
| #define PACKAGE_TARNAME "palletandtruckviewer"
| #define PACKAGE_VERSION "3.0"
| #define PACKAGE_STRING "palletAndTruckViewer 3.0"
| #define PACKAGE_BUGREPORT ""
| #define PACKAGE_URL ""
| #define PACKAGE "palletandtruckviewer"
| #define VERSION "3.0"
| #define STDC_HEADERS 1
| #define HAVE_SYS_TYPES_H 1
| #define HAVE_SYS_STAT_H 1
| #define HAVE_STDLIB_H 1
| #define HAVE_STRING_H 1
| #define HAVE_MEMORY_H 1
| #define HAVE_STRINGS_H 1
| #define HAVE_INTTYPES_H 1
| #define HAVE_STDINT_H 1
| #define HAVE_UNISTD_H 1
| #define HAVE_DLFCN_H 1
| #define LT_OBJDIR ".libs/"
| #define STDC_HEADERS 1
| #define HAVE_PTHREAD 1
| #define HAVE_GL_GL_H 1
| #define HAVE_GL_GLU_H 1
| /* end confdefs.h.  */
| 
| # if defined(HAVE_WINDOWS_H) && defined(_WIN32)
| #   include <windows.h>
| # endif
| # ifdef HAVE_GL_GLU_H
| #   include <GL/glu.h>
| # elif defined(HAVE_OPENGL_GLU_H)
| #   include <OpenGL/glu.h>
| # else
| #   error no glu.h
| # endif
| int
| main ()
| {
| gluBeginCurve(0)
|   ;
|   return 0;
| }
configure:12871: g++ -o conftest -g -O2    conftest.cpp -lGLU -lGL   >&5
configure:12871: $? = 0
configure:12899: result: -lGLU
configure:12926: checking for varargs GLU tesselator callback function type
configure:12950: gcc -c  -g -O2  conftest.c >&5
conftest.c: In function 'main':
conftest.c:36:16: error: ISO C requires a named argument before '...'
   36 | GLvoid (*func)(...); gluTessCallback(0, 0, func)
      |                ^~~
configure:12950: $? = 1
configure: failed program was:
| /* confdefs.h */
| #define PACKAGE_NAME "palletAndTruckViewer"
| #define PACKAGE_TARNAME "palletandtruckviewer"
| #define PACKAGE_VERSION "3.0"
| #define PACKAGE_STRING "palletAndTruckViewer 3.0"
| #define PACKAGE_BUGREPORT ""
| #define PACKAGE_URL ""
| #define PACKAGE "palletandtruckviewer"
| #define VERSION "3.0"
| #define STDC_HEADERS 1
| #define HAVE_SYS_TYPES_H 1
| #define HAVE_SYS_STAT_H 1
| #define HAVE_STDLIB_H 1
| #define HAVE_STRING_H 1
| #define HAVE_MEMORY_H 1
| #define HAVE_STRINGS_H 1
| #define HAVE_INTTYPES_H 1
| #define HAVE_STDINT_H 1
| #define HAVE_UNISTD_H 1
| #define HAVE_DLFCN_H 1
| #define LT_OBJDIR ".libs/"
| #define STDC_HEADERS 1
| #define HAVE_PTHREAD 1
| #define HAVE_GL_GL_H 1
| #define HAVE_GL_GLU_H 1
| /* end confdefs.h.  */
| 
| # ifdef HAVE_GL_GLU_H
| #   include <GL/glu.h>
| # else
| #   include <OpenGL/glu.h>
| # endif
| int
| main ()
| {
| GLvoid (*func)(...); gluTessCallback(0, 0, func)
|   ;
|   return 0;
| }
configure:12956: result: no
configure:12971: checking GL/glut.h usability
configure:12971: gcc -c -g -O2   conftest.c >&5
configure:12971: $? = 0
configure:12971: result: yes
configure:12971: checking GL/glut.h presence
configure:12971: gcc -E   conftest.c
configure:12971: $? = 0
configure:12971: result: yes
configure:12971: checking for GL/glut.h
configure:12971: result: yes
configure:12971: checking GLUT/glut.h usability
configure:12971: gcc -c -g -O2   conftest.c >&5
conftest.c:61:10: fatal error: GLUT/glut.h: No such file or directory
   61 | #include <GLUT/glut.h>
      |          ^~~~~~~~~~~~~
compilation terminated.
configure:12971: $? = 1
configure: failed program was:
| /* confdefs.h */
| #define PACKAGE_NAME "palletAndTruckViewer"
| #define PACKAGE_TARNAME "palletandtruckviewer"
| #define PACKAGE_VERSION "3.0"
| #define PACKAGE_STRING "palletAndTruckViewer 3.0"
| #define PACKAGE_BUGREPORT ""
| #define PACKAGE_URL ""
| #define PACKAGE "palletandtruckviewer"
| #define VERSION "3.0"
| #define STDC_HEADERS 1
| #define HAVE_SYS_TYPES_H 1
| #define HAVE_SYS_STAT_H 1
| #define HAVE_STDLIB_H 1
| #define HAVE_STRING_H 1
| #define HAVE_MEMORY_H 1
| #define HAVE_STRINGS_H 1
| #define HAVE_INTTYPES_H 1
| #define HAVE_STDINT_H 1
| #define HAVE_UNISTD_H 1
| #define HAVE_DLFCN_H 1
| #define LT_OBJDIR ".libs/"
| #define STDC_HEADERS 1
| #define HAVE_PTHREAD 1
| #define HAVE_GL_GL_H 1
| #define HAVE_GL_GLU_H 1
| #define HAVE_GL_GLUT_H 1
| /* end confdefs.h.  */
| #include <stdio.h>
| #ifdef HAVE_SYS_TYPES_H
| # include <sys/types.h>
| #endif
| #ifdef HAVE_SYS_STAT_H
| # include <sys/stat.h>
| #endif
| #ifdef STDC_HEADERS
| # include <stdlib.h>
| # include <stddef.h>
| #else
| # ifdef HAVE_STDLIB_H
| #  include <stdlib.h>
| # endif
| #endif
| #ifdef HAVE_STRING_H
| # if !defined STDC_HEADERS && defined HAVE_MEMORY_H
| #  include <memory.h>
| # endif
| # include <string.h>
| #endif
| #ifdef HAVE_STRINGS_H
| # include <strings.h>
| #endif
| #ifdef HAVE_INTTYPES_H
| # include <inttypes.h>
| #endif
| #ifdef HAVE_STDINT_H
| # include <stdint.h>
| #endif
| #ifdef HAVE_UNISTD_H
| # include <unistd.h>
| #endif
| #include <GLUT/glut.h>
configure:12971: result: no
configure:12971: checking GLUT/glut.h presence
configure:12971: gcc -E   conftest.c
conftest.c:28:10: fatal error: GLUT/glut.h: No such file or directory
   28 | #include <GLUT/glut.h>
      |          ^~~~~~~~~~~~~
compilation terminated.
configure:12971: $? = 1
configure: failed program was:
| /* confdefs.h */
| #define PACKAGE_NAME "palletAndTruckViewer"
| #define PACKAGE_TARNAME "palletandtruckviewer"
| #define PACKAGE_VERSION "3.0"
| #define PACKAGE_STRING "palletAndTruckViewer 3.0"
| #define PACKAGE_BUGREPORT ""
| #define PACKAGE_URL ""
| #define PACKAGE "palletandtruckviewer"
| #define VERSION "3.0"
| #define STDC_HEADERS 1
| #define HAVE_SYS_TYPES_H 1
| #define HAVE_SYS_STAT_H 1
| #define HAVE_STDLIB_H 1
| #define HAVE_STRING_H 1
| #define HAVE_MEMORY_H 1
| #define HAVE_STRINGS_H 1
| #define HAVE_INTTYPES_H 1
| #define HAVE_STDINT_H 1
| #define HAVE_UNISTD_H 1
| #define HAVE_DLFCN_H 1
| #define LT_OBJDIR ".libs/"
| #define STDC_HEADERS 1
| #define HAVE_PTHREAD 1
| #define HAVE_GL_GL_H 1
| #define HAVE_GL_GLU_H 1
| #define HAVE_GL_GLUT_H 1
| /* end confdefs.h.  */
| #include <GLUT/glut.h>
configure:12971: result: no
configure:12971: checking for GLUT/glut.h
configure:12971: result: no
configure:12995: checking for GLUT library
configure:13040: gcc -o conftest -g -O2    conftest.c -lglut32  -lSM -lICE -lXmu -lXi  -lGLU -lGL   >&5
/usr/bin/ld: cannot find -lglut32
/usr/bin/ld: cannot find -lXmu
/usr/bin/ld: cannot find -lXi
collect2: error: ld returned 1 exit status
configure:13040: $? = 1
configure: failed program was:
| /* confdefs.h */
| #define PACKAGE_NAME "palletAndTruckViewer"
| #define PACKAGE_TARNAME "palletandtruckviewer"
| #define PACKAGE_VERSION "3.0"
| #define PACKAGE_STRING "palletAndTruckViewer 3.0"
| #define PACKAGE_BUGREPORT ""
| #define PACKAGE_URL ""
| #define PACKAGE "palletandtruckviewer"
| #define VERSION "3.0"
| #define STDC_HEADERS 1
| #define HAVE_SYS_TYPES_H 1
| #define HAVE_SYS_STAT_H 1
| #define HAVE_STDLIB_H 1
| #define HAVE_STRING_H 1
| #define HAVE_MEMORY_H 1
| #define HAVE_STRINGS_H 1
| #define HAVE_INTTYPES_H 1
| #define HAVE_STDINT_H 1
| #define HAVE_UNISTD_H 1
| #define HAVE_DLFCN_H 1
| #define LT_OBJDIR ".libs/"
| #define STDC_HEADERS 1
| #define HAVE_PTHREAD 1
| #define HAVE_GL_GL_H 1
| #define HAVE_GL_GLU_H 1
| #define HAVE_GL_GLUT_H 1
| /* end confdefs.h.  */
| 
| # if HAVE_WINDOWS_H && defined(_WIN32)
| #   include <windows.h>
| # endif
| # ifdef HAVE_GL_GLUT_H
| #   include <GL/glut.h>
| # elif defined(HAVE_GLUT_GLUT_H)
| #   include <GLUT/glut.h>
| # else
| #   error no glut.h
| # endif
| int
| main ()
| {
| glutMainLoop()
|   ;
|   return 0;
| }
configure:13040: gcc -o conftest -g -O2    conftest.c -lglut  -lSM -lICE -lXmu -lXi  -lGLU -lGL   >&5
/usr/bin/ld: cannot find -lXmu
/usr/bin/ld: cannot find -lXi
collect2: error: ld returned 1 exit status
configure:13040: $? = 1
configure: failed program was:
| /* confdefs.h */
| #define PACKAGE_NAME "palletAndTruckViewer"
| #define PACKAGE_TARNAME "palletandtruckviewer"
| #define PACKAGE_VERSION "3.0"
| #define PACKAGE_STRING "palletAndTruckViewer 3.0"
| #define PACKAGE_BUGREPORT ""
| #define PACKAGE_URL ""
| #define PACKAGE "palletandtruckviewer"
| #define VERSION "3.0"
| #define STDC_HEADERS 1
| #define HAVE_SYS_TYPES_H 1
| #define HAVE_SYS_STAT_H 1
| #define HAVE_STDLIB_H 1
| #define HAVE_STRING_H 1
| #define HAVE_MEMORY_H 1
| #define HAVE_STRINGS_H 1
| #define HAVE_INTTYPES_H 1
| #define HAVE_STDINT_H 1
| #define HAVE_UNISTD_H 1
| #define HAVE_DLFCN_H 1
| #define LT_OBJDIR ".libs/"
| #define STDC_HEADERS 1
| #define HAVE_PTHREAD 1
| #define HAVE_GL_GL_H 1
| #define HAVE_GL_GLU_H 1
| #define HAVE_GL_GLUT_H 1
| /* end confdefs.h.  */
| 
| # if HAVE_WINDOWS_H && defined(_WIN32)
| #   include <windows.h>
| # endif
| # ifdef HAVE_GL_GLUT_H
| #   include <GL/glut.h>
| # elif defined(HAVE_GLUT_GLUT_H)
| #   include <GLUT/glut.h>
| # else
| #   error no glut.h
| # endif
| int
| main ()
| {
| glutMainLoop()
|   ;
|   return 0;
| }
configure:13086: result: no
configure:13210: checking that generated files are newer than configure
configure:13216: result: done
configure:13255: creating ./config.status

## ---------------------- ##
## Running config.status. ##
## ---------------------- ##

This file was extended by palletAndTruckViewer config.status 3.0, which was
generated by GNU Autoconf 2.69.  Invocation command line was

  CONFIG_FILES    = 
  CONFIG_HEADERS  = 
  CONFIG_LINKS    = 
  CONFIG_COMMANDS = 
  $ ./config.status 

on fuji

config.status:1169: creating Makefile
config.status:1169: creating ./config.h
config.status:1398: executing depfiles commands
config.status:1475: cd .       && sed -e '/# am--include-marker/d' Makefile         | make -f - am--depfiles
config.status:1480: $? = 0
config.status:1398: executing libtool commands

## ---------------- ##
## Cache variables. ##
## ---------------- ##

ac_cv_build=x86_64-pc-linux-gnu
ac_cv_c_compiler_gnu=yes
ac_cv_cxx_compiler_gnu=yes
ac_cv_env_CCC_set=
ac_cv_env_CCC_value=
ac_cv_env_CC_set=
ac_cv_env_CC_value=
ac_cv_env_CFLAGS_set=
ac_cv_env_CFLAGS_value=
ac_cv_env_CPPFLAGS_set=
ac_cv_env_CPPFLAGS_value=
ac_cv_env_CPP_set=
ac_cv_env_CPP_value=
ac_cv_env_CXXCPP_set=
ac_cv_env_CXXCPP_value=
ac_cv_env_CXXFLAGS_set=
ac_cv_env_CXXFLAGS_value=
ac_cv_env_CXX_set=
ac_cv_env_CXX_value=
ac_cv_env_LDFLAGS_set=
ac_cv_env_LDFLAGS_value=
ac_cv_env_LIBS_set=
ac_cv_env_LIBS_value=
ac_cv_env_LT_SYS_LIBRARY_PATH_set=
ac_cv_env_LT_SYS_LIBRARY_PATH_value=
ac_cv_env_XMKMF_set=
ac_cv_env_XMKMF_value=
ac_cv_env_build_alias_set=
ac_cv_env_build_alias_value=
ac_cv_env_host_alias_set=
ac_cv_env_host_alias_value=
ac_cv_env_target_alias_set=
ac_cv_env_target_alias_value=
ac_cv_func_connect=yes
ac_cv_func_gethostbyname=yes
ac_cv_func_remove=yes
ac_cv_func_shmat=yes
ac_cv_have_x='have_x=yes	ac_x_includes='\'''\''	ac_x_libraries='\'''\'''
ac_cv_header_GLUT_glut_h=no
ac_cv_header_GL_gl_h=yes
ac_cv_header_GL_glu_h=yes
ac_cv_header_GL_glut_h=yes
ac_cv_header_OpenGL_gl_h=no
ac_cv_header_OpenGL_glu_h=no
ac_cv_header_dlfcn_h=yes
ac_cv_header_inttypes_h=yes
ac_cv_header_memory_h=yes
ac_cv_header_stdc=yes
ac_cv_header_stdint_h=yes
ac_cv_header_stdlib_h=yes
ac_cv_header_string_h=yes
ac_cv_header_strings_h=yes
ac_cv_header_sys_stat_h=yes
ac_cv_header_sys_types_h=yes
ac_cv_header_unistd_h=yes
ac_cv_header_windows_h=no
ac_cv_host=x86_64-pc-linux-gnu
ac_cv_lib_ICE_IceConnectionNumber=yes
ac_cv_objext=o
ac_cv_path_EGREP='/usr/bin/grep -E'
ac_cv_path_FGREP='/usr/bin/grep -F'
ac_cv_path_GREP=/usr/bin/grep
ac_cv_path_SED=/usr/bin/sed
ac_cv_path_install='/usr/bin/install -c'
ac_cv_path_lt_DD=/usr/bin/dd
ac_cv_path_mkdir=/usr/bin/mkdir
ac_cv_prog_AWK=mawk
ac_cv_prog_CPP='gcc -E'
ac_cv_prog_CXXCPP='g++ -E'
ac_cv_prog_ac_ct_AR=ar
ac_cv_prog_ac_ct_CC=gcc
ac_cv_prog_ac_ct_CXX=g++
ac_cv_prog_ac_ct_MANIFEST_TOOL=mt
ac_cv_prog_ac_ct_OBJDUMP=objdump
ac_cv_prog_ac_ct_RANLIB=ranlib
ac_cv_prog_ac_ct_STRIP=strip
ac_cv_prog_cc_c89=
ac_cv_prog_cc_g=yes
ac_cv_prog_cxx_g=yes
ac_cv_prog_make_make_set=yes
am_cv_CC_dependencies_compiler_type=gcc3
am_cv_CXX_dependencies_compiler_type=gcc3
am_cv_make_support_nested_variables=yes
am_cv_prog_cc_c_o=yes
ax_cv_check_gl_libgl=-lGL
ax_cv_check_glu_libglu=-lGLU
ax_cv_check_glut_libglut=no
ax_cv_varargs_glu_tesscb=no
lt_cv_ar_at_file=@
lt_cv_archive_cmds_need_lc=no
lt_cv_deplibs_check_method=pass_all
lt_cv_file_magic_cmd='$MAGIC_CMD'
lt_cv_file_magic_test_file=
lt_cv_ld_reload_flag=-r
lt_cv_nm_interface='BSD nm'
lt_cv_objdir=.libs
lt_cv_path_LD=/usr/bin/ld
lt_cv_path_LDCXX='/usr/bin/ld -m elf_x86_64'
lt_cv_path_NM='/usr/bin/nm -B'
lt_cv_path_mainfest_tool=no
lt_cv_prog_compiler_c_o=yes
lt_cv_prog_compiler_c_o_CXX=yes
lt_cv_prog_compiler_pic='-fPIC -DPIC'
lt_cv_prog_compiler_pic_CXX='-fPIC -DPIC'
lt_cv_prog_compiler_pic_works=yes
lt_cv_prog_compiler_pic_works_CXX=yes
lt_cv_prog_compiler_rtti_exceptions=no
lt_cv_prog_compiler_static_works=yes
lt_cv_prog_compiler_static_works_CXX=yes
lt_cv_prog_gnu_ld=yes
lt_cv_prog_gnu_ldcxx=yes
lt_cv_sharedlib_from_linklib_cmd='printf %s\n'
lt_cv_shlibpath_overrides_runpath=yes
lt_cv_sys_global_symbol_pipe='sed -n -e '\''s/^.*[	 ]\([ABCDGIRSTW][ABCDGIRSTW]*\)[	 ][	 ]*\([_A-Za-z][_A-Za-z0-9]*\)$/\1 \2 \2/p'\'' | sed '\''/ __gnu_lto/d'\'''
lt_cv_sys_global_symbol_to_c_name_address='sed -n -e '\''s/^: \(.*\) .*$/  {"\1", (void *) 0},/p'\'' -e '\''s/^[ABCDGIRSTW][ABCDGIRSTW]* .* \(.*\)$/  {"\1", (void *) \&\1},/p'\'''
lt_cv_sys_global_symbol_to_c_name_address_lib_prefix='sed -n -e '\''s/^: \(.*\) .*$/  {"\1", (void *) 0},/p'\'' -e '\''s/^[ABCDGIRSTW][ABCDGIRSTW]* .* \(lib.*\)$/  {"\1", (void *) \&\1},/p'\'' -e '\''s/^[ABCDGIRSTW][ABCDGIRSTW]* .* \(.*\)$/  {"lib\1", (void *) \&\1},/p'\'''
lt_cv_sys_global_symbol_to_cdecl='sed -n -e '\''s/^T .* \(.*\)$/extern int \1();/p'\'' -e '\''s/^[ABCDGIRSTW][ABCDGIRSTW]* .* \(.*\)$/extern char \1;/p'\'''
lt_cv_sys_global_symbol_to_import=
lt_cv_sys_max_cmd_len=1572864
lt_cv_to_host_file_cmd=func_convert_file_noop
lt_cv_to_tool_file_cmd=func_convert_file_noop
lt_cv_truncate_bin='/usr/bin/dd bs=4096 count=1'

## ----------------- ##
## Output variables. ##
## ----------------- ##

ACLOCAL='${SHELL} "/home/kafo/Documents/Git Repos/MyopicPalletizing/vmac_solver/sisyphus-master/palletandtruckviewer-3.0/missing" aclocal-1.16'
AMDEPBACKSLASH='\'
AMDEP_FALSE='#'
AMDEP_TRUE=''
AMTAR='$${TAR-tar}'
AM_BACKSLASH='\'
AM_DEFAULT_V='$(AM_DEFAULT_VERBOSITY)'
AM_DEFAULT_VERBOSITY='1'
AM_V='$(V)'
AR='ar'
AUTOCONF='${SHELL} "/home/kafo/Documents/Git Repos/MyopicPalletizing/vmac_solver/sisyphus-master/palletandtruckviewer-3.0/missing" autoconf'
AUTOHEADER='${SHELL} "/home/kafo/Documents/Git Repos/MyopicPalletizing/vmac_solver/sisyphus-master/palletandtruckviewer-3.0/missing" autoheader'
AUTOMAKE='${SHELL} "/home/kafo/Documents/Git Repos/MyopicPalletizing/vmac_solver/sisyphus-master/palletandtruckviewer-3.0/missing" automake-1.16'
AWK='mawk'
CC='gcc'
CCDEPMODE='depmode=gcc3'
CFLAGS='-g -O2'
CPP='gcc -E'
CPPFLAGS=''
CXX='g++'
CXXCPP='g++ -E'
CXXDEPMODE='depmode=gcc3'
CXXFLAGS='-g -O2'
CYGPATH_W='echo'
DEFS='-DHAVE_CONFIG_H'
DEPDIR='.deps'
DLLTOOL='false'
DSYMUTIL=''
DUMPBIN=''
ECHO_C=''
ECHO_N='-n'
ECHO_T=''
EGREP='/usr/bin/grep -E'
EXEEXT=''
FGREP='/usr/bin/grep -F'
GLUT_CFLAGS=''
GLUT_LIBS=''
GLU_CFLAGS=''
GLU_LIBS='-lGLU -lGL '
GL_CFLAGS=''
GL_LIBS='-lGL '
GREP='/usr/bin/grep'
HAVE_GLUT_FALSE=''
HAVE_GLUT_TRUE='#'
HAVE_GLU_FALSE='#'
HAVE_GLU_TRUE=''
HAVE_GL_FALSE='#'
HAVE_GL_TRUE=''
INSTALL_DATA='${INSTALL} -m 644'
INSTALL_PROGRAM='${INSTALL}'
INSTALL_SCRIPT='${INSTALL}'
INSTALL_STRIP_PROGRAM='$(install_sh) -c -s'
LD='/usr/bin/ld -m elf_x86_64'
LDFLAGS=''
LIBOBJS=''
LIBS=''
LIBTOOL='$(SHELL) $(top_builddir)/libtool'
LIPO=''
LN_S='ln -s'
LTLIBOBJS=''
LT_SYS_LIBRARY_PATH=''
MAKEINFO='${SHELL} "/home/kafo/Documents/Git Repos/MyopicPalletizing/vmac_solver/sisyphus-master/palletandtruckviewer-3.0/missing" makeinfo'
MANIFEST_TOOL=':'
MKDIR_P='/usr/bin/mkdir -p'
NM='/usr/bin/nm -B'
NMEDIT=''
OBJDUMP='objdump'
OBJEXT='o'
OTOOL64=''
OTOOL=''
PACKAGE='palletandtruckviewer'
PACKAGE_BUGREPORT=''
PACKAGE_NAME='palletAndTruckViewer'
PACKAGE_STRING='palletAndTruckViewer 3.0'
PACKAGE_TARNAME='palletandtruckviewer'
PACKAGE_URL=''
PACKAGE_VERSION='3.0'
PATH_SEPARATOR=':'
PTHREAD_CC='gcc'
PTHREAD_CFLAGS='-pthread'
PTHREAD_LIBS=''
RANLIB='ranlib'
SED='/usr/bin/sed'
SET_MAKE=''
SHELL='/bin/bash'
STRIP='strip'
VERSION='3.0'
XMKMF=''
X_CFLAGS=''
X_EXTRA_LIBS=''
X_LIBS=''
X_PRE_LIBS=' -lSM -lICE'
ac_ct_AR='ar'
ac_ct_CC='gcc'
ac_ct_CXX='g++'
ac_ct_DUMPBIN=''
am__EXEEXT_FALSE=''
am__EXEEXT_TRUE='#'
am__fastdepCC_FALSE='#'
am__fastdepCC_TRUE=''
am__fastdepCXX_FALSE='#'
am__fastdepCXX_TRUE=''
am__include='include'
am__isrc=''
am__leading_dot='.'
am__nodep='_no'
am__quote=''
am__tar='$${TAR-tar} chof - "$$tardir"'
am__untar='$${TAR-tar} xf -'
ax_pthread_config=''
bindir='${exec_prefix}/bin'
build='x86_64-pc-linux-gnu'
build_alias=''
build_cpu='x86_64'
build_os='linux-gnu'
build_vendor='pc'
datadir='${datarootdir}'
datarootdir='${prefix}/share'
docdir='${datarootdir}/doc/${PACKAGE_TARNAME}'
dvidir='${docdir}'
exec_prefix='${prefix}'
host='x86_64-pc-linux-gnu'
host_alias=''
host_cpu='x86_64'
host_os='linux-gnu'
host_vendor='pc'
htmldir='${docdir}'
includedir='${prefix}/include'
infodir='${datarootdir}/info'
install_sh='${SHELL} '\''/home/kafo/Documents/Git Repos/MyopicPalletizing/vmac_solver/sisyphus-master/palletandtruckviewer-3.0/install-sh'\'''
libdir='${exec_prefix}/lib'
libexecdir='${exec_prefix}/libexec'
localedir='${datarootdir}/locale'
localstatedir='${prefix}/var'
mandir='${datarootdir}/man'
mkdir_p='$(MKDIR_P)'
oldincludedir='/usr/include'
pdfdir='${docdir}'
prefix='/usr/local'
program_transform_name='s,x,x,'
psdir='${docdir}'
runstatedir='${localstatedir}/run'
sbindir='${exec_prefix}/sbin'
sharedstatedir='${prefix}/com'
sysconfdir='${prefix}/etc'
target_alias=''

## ----------- ##
## confdefs.h. ##
## ----------- ##

/* confdefs.h */
#define PACKAGE_NAME "palletAndTruckViewer"
#define PACKAGE_TARNAME "palletandtruckviewer"
#define PACKAGE_VERSION "3.0"
#define PACKAGE_STRING "palletAndTruckViewer 3.0"
#define PACKAGE_BUGREPORT ""
#define PACKAGE_URL ""
#define PACKAGE "palletandtruckviewer"
#define VERSION "3.0"
#define STDC_HEADERS 1
#define HAVE_SYS_TYPES_H 1
#define HAVE_SYS_STAT_H 1
#define HAVE_STDLIB_H 1
#define HAVE_STRING_H 1
#define HAVE_MEMORY_H 1
#define HAVE_STRINGS_H 1
#define HAVE_INTTYPES_H 1
#define HAVE_STDINT_H 1
#define HAVE_UNISTD_H 1
#define HAVE_DLFCN_H 1
#define LT_OBJDIR ".libs/"
#define STDC_HEADERS 1
#define HAVE_PTHREAD 1
#define HAVE_GL_GL_H 1
#define HAVE_GL_GLU_H 1
#define HAVE_GL_GLUT_H 1

configure: exit 0
